[2016-06-14 15:00:44] START
[2016-06-15 09:33:25] EDIT BienAll/models/db.py: -3
[2016-06-15 09:34:33] EDIT BienAll/models/db.py: 1
[2016-06-15 09:41:14] EDIT BienAll/models/db.py: 17
[2016-06-15 09:45:45] EDIT BienAll/models/db.py: -1
[2016-06-15 09:47:50] EDIT BienAll/models/db.py: 1
[2016-06-15 09:48:17] EDIT BienAll/models/db.py: 0
[2016-06-15 09:49:17] EDIT BienAll/models/db.py: -2
[2016-06-15 09:49:27] EDIT BienAll/models/db.py: -2
[2016-06-22 09:55:56] EDIT BienAll622/views/layout.html: 48
[2016-06-22 09:57:22] EDIT BienAll622/views/web2py_ajax.html: 5
[2016-06-22 09:58:03] EDIT BienAll622/views/layout.html: 0
[2016-06-22 10:00:54] EDIT BienAll622/views/layout.html: -104
[2016-06-22 10:02:17] EDIT BienAll622/views/layout.html: 1
[2016-06-22 10:03:00] EDIT BienAll622/views/layout.html: 103
[2016-06-22 10:04:35] EDIT BienAll622/views/layout.html: -10
[2016-06-22 10:06:28] EDIT BienAll622/views/layout.html: -91
[2016-06-22 10:08:23] EDIT BienAll622/views/layout.html: 60
[2016-06-22 10:10:47] EDIT BienAll622/views/default/index.html: 130
[2016-06-22 10:12:30] EDIT BienAll622/views/default/index.html: 284
[2016-06-22 10:13:24] EDIT BienAll622/views/default/index.html: -283
[2016-06-22 10:14:25] EDIT BienAll622/views/default/index.html: 0
[2016-06-22 10:15:29] EDIT BienAll622/views/default/index.html: 0
[2016-06-22 10:18:10] EDIT BienAll622/views/default/index.html: 0
[2016-06-22 10:18:43] EDIT BienAll622/views/default/index.html: 0
[2016-06-22 10:22:21] EDIT BienAll622/views/default/index.html: 0
[2016-06-22 10:25:11] EDIT BienAll622/views/default/mostrarFoto.html: 1
[2016-06-22 11:10:11] EDIT BienAll622/views/default/index.html: 0
[2016-06-22 11:11:02] EDIT BienAll622/views/galleryController/index.html: 0
[2016-06-22 11:13:26] EDIT BienAll622/views/galleryController/index.html: 0
[2016-06-22 11:15:37] EDIT BienAll622/views/galleryController/index.html: 4
[2016-06-22 11:20:52] EDIT BienAll622/views/default/dejaTuHuella.html: 118
[2016-06-22 11:22:35] EDIT BienAll622/views/default/dejaTuHuella.html: -1
[2016-06-22 11:23:52] EDIT BienAll622/views/default/dejaTuHuella.html: 0
[2016-06-22 11:27:11] EDIT BienAll622/views/default/dejaTuHuella.html: 0
[2016-06-22 11:30:36] EDIT BienAll622/views/default/index.html: 0
[2016-06-22 11:31:19] EDIT BienAll622/models/menu.py: 1
[2016-06-22 11:34:58] EDIT BienAll622/views/default/index.html: 0
[2016-06-22 11:35:52] EDIT BienAll622/views/default/dejaTuHuella.html: 0
[2016-06-22 11:40:04] EDIT BienAll622/views/layout.html: -41
[2016-06-22 11:40:53] EDIT BienAll622/views/layout.html: 41
[2016-06-22 11:44:00] EDIT BienAll622/views/galleryController/index.html: 0
[2016-06-22 11:44:33] EDIT BienAll622/views/galleryController/index.html: 0
[2016-06-22 11:46:14] EDIT BienAll622/views/galleryController/index.html: 0
[2016-06-22 11:46:28] EDIT BienAll622/views/galleryController/index.html: 0
[2016-06-22 11:47:08] EDIT BienAll622/views/galleryController/index.html: 0
[2016-06-22 11:47:14] EDIT BienAll622/views/galleryController/index.html: 0
[2016-06-22 11:52:21] EDIT BienAll622/views/galleryController/index.html: -4
[2016-06-22 12:09:42] EDIT BienAll622/views/galleryController/index.html: 4
[2016-06-22 12:10:56] EDIT BienAll622/models/menu.py: -31
[2016-06-22 12:11:09] EDIT BienAll622/models/menu.py: 1
[2016-06-22 12:11:24] EDIT BienAll622/models/menu.py: 0
[2016-06-22 12:11:53] EDIT BienAll622/models/menu.py: -1
[2016-06-22 12:13:02] EDIT BienAll622/models/menu.py: 0
[2016-06-22 12:13:19] EDIT BienAll622/models/menu.py: 0
[2016-06-22 12:13:26] EDIT BienAll622/models/menu.py: 0
[2016-06-22 12:14:18] EDIT BienAll622/models/menu.py: 31
[2016-06-22 12:19:53] EDIT BienAll622/views/galleryController/index.html: 3
[2016-06-22 12:25:55] EDIT BienAll622/views/default/index.html: 0
[2016-06-22 12:28:34] EDIT BienAll622/views/default/dejaTuHuella.html: 0
[2016-06-22 12:29:55] EDIT BienAll622/views/galleryController/index.html: 1
[2016-06-22 12:31:46] CREATE default/masApps.html: 0
[2016-06-22 12:32:09] CREATE default/nosotros.html: 0
[2016-06-22 12:35:00] EDIT BienAll622/views/galleryController/index.html: 38
[2016-06-22 12:52:12] EDIT BienAll622/views/default/masApps.html: 357
[2016-06-22 15:04:55] EDIT BienAll622/views/layout.html: -134
[2016-06-22 15:05:50] EDIT BienAll622/views/layout.html: 134
[2016-06-22 15:06:50] EDIT BienAll622/views/web2py_ajax.html: 0
[2016-06-22 15:07:04] EDIT BienAll622/views/web2py_ajax.html: -8
[2016-06-22 15:10:38] EDIT BienAll622/views/layout.html: -10
[2016-06-22 15:11:06] EDIT BienAll622/views/layout.html: 1
[2016-06-22 15:14:23] EDIT BienAll622/models/menu.py: -33
[2016-06-22 15:26:58] EDIT BienAll622/views/default/index.html: 0
[2016-06-22 15:28:03] EDIT BienAll622/controllers/default.py: 2
[2016-06-22 15:29:46] EDIT BienAll622/views/default/masApps.html: 0
[2016-06-22 15:32:06] EDIT BienAll622/views/default/masApps.html: 0
[2016-06-22 15:41:19] EDIT BienAll622/views/default/index.html: 1
[2016-06-22 15:49:01] EDIT BienAll622/views/default/index.html: 3
[2016-06-22 16:22:41] EDIT BienAll623/views/default/masApps.html: 0
[2016-06-22 16:23:04] EDIT BienAll623/views/galleryController/index.html: 4
[2016-06-22 16:29:41] EDIT BienAll623/views/default/masApps.html: 0
[2016-06-22 16:35:09] EDIT BienAll623/views/default/masApps.html: -162
[2016-06-22 16:37:12] EDIT BienAll623/views/default/masApps.html: 0
[2016-06-22 16:40:38] EDIT BienAll623/views/default/masApps.html: 1
[2016-06-22 16:43:54] EDIT BienAll623/views/default/nosotros.html: 152
[2016-06-22 16:44:55] EDIT BienAll623/controllers/default.py: 2
[2016-06-22 16:46:04] EDIT BienAll623/views/default/index.html: 0
[2016-06-22 16:48:00] EDIT BienAll623/views/default/nosotros.html: 0
[2016-06-22 16:49:53] EDIT BienAll623/views/default/masApps.html: 0
[2016-06-22 16:50:33] EDIT BienAll623/views/default/nosotros.html: 0
[2016-06-22 16:51:13] EDIT BienAll623/views/galleryController/index.html: 0
[2016-06-23 10:49:18] EDIT BienAll623/views/default/nosotros.html: 0
[2016-06-23 10:57:27] EDIT BienAll623/views/default/dejaTuHuella.html: 1
[2016-06-23 11:15:14] EDIT BienAll623/views/layout.html: 9
[2016-06-23 11:16:17] CREATE freelancer_ajax.html: 0
[2016-06-23 11:16:41] EDIT BienAll623/views/freelancer_ajax.html: 16
[2016-06-23 11:17:51] DELETE BienAll623/views/web2py_ajax.html: -13
[2016-06-23 11:55:53] EDIT BienAll623/views/layout.html: -9
[2016-06-23 23:16:57] EDIT BienAll623/views/galleryController/index.html: 175
[2016-06-23 23:19:22] EDIT BienAll623/views/galleryController/index.html: -87
[2016-06-23 23:22:16] EDIT BienAll623/views/galleryController/index.html: 79
[2016-06-23 23:23:11] EDIT BienAll623/views/galleryController/index.html: 1
[2016-06-23 23:24:54] EDIT BienAll623/views/galleryController/index.html: 5
[2016-06-23 23:33:55] EDIT BienAll623/views/galleryController/index.html: -237
[2016-06-23 23:38:35] EDIT BienAll623/views/galleryController/index.html: 0
[2016-06-23 23:40:30] EDIT BienAll623/views/galleryController/index.html: 0
[2016-06-24 00:04:00] EDIT BienAll623/views/galleryController/index.html: -1
[2016-06-24 00:04:42] EDIT BienAll623/views/galleryController/index.html: 1
[2016-06-24 00:07:26] EDIT BienAll623/views/galleryController/index.html: 0
[2016-06-24 09:27:35] EDIT BienAll623/views/galleryController/index.html: 0
[2016-06-24 09:36:35] EDIT BienAll623/views/galleryController/index.html: 0
[2016-06-24 09:41:16] CREATE layout2.html: 0
[2016-06-24 09:44:08] EDIT BienAll623/views/layout2.html: 6
[2016-06-24 09:44:33] EDIT BienAll623/views/default/dejaTuHuella.html: 0
[2016-06-24 09:45:59] EDIT BienAll623/views/default/index.html: 0
[2016-06-24 09:46:10] EDIT BienAll623/views/default/masApps.html: 0
[2016-06-24 09:46:20] EDIT BienAll623/views/default/nosotros.html: 0
[2016-06-24 09:46:30] EDIT BienAll623/views/default/user.html: 0
[2016-06-24 09:46:43] EDIT BienAll623/views/default/verGaleria.html: 0
[2016-06-24 09:46:53] EDIT BienAll623/views/galleryController/index.html: 0
[2016-06-24 09:47:05] EDIT BienAll623/views/generic.html: 0
[2016-06-24 09:54:25] EDIT BienAll623/views/layout2.html: 150
[2016-06-24 09:57:10] EDIT BienAll623/views/layout.html: 8
[2016-06-24 10:00:14] EDIT BienAll623/views/layout2.html: 10
[2016-06-24 10:02:03] EDIT BienAll623/views/layout2.html: -12
[2016-06-24 10:02:42] EDIT BienAll623/views/layout2.html: -3
[2016-06-24 10:04:18] EDIT BienAll623/views/layout2.html: 15
[2016-06-24 10:10:56] EDIT BienAll623/views/default/dejaTuHuella.html: 13
[2016-06-24 10:11:51] EDIT BienAll623/views/default/index.html: 13
[2016-06-24 10:12:30] EDIT BienAll623/views/default/masApps.html: 13
[2016-06-24 10:12:46] EDIT BienAll623/views/default/mostrarFoto.html: -1
[2016-06-24 10:13:21] EDIT BienAll623/views/default/nosotros.html: 13
[2016-06-24 10:13:37] EDIT BienAll623/views/default/user.html: -1
[2016-06-24 10:13:49] EDIT BienAll623/views/default/verGaleria.html: -1
[2016-06-24 10:14:22] EDIT BienAll623/views/galleryController/index.html: 13
[2016-06-24 10:16:01] EDIT BienAll623/views/default/dejaTuHuella.html: 10
[2016-06-24 10:16:14] EDIT BienAll623/views/default/index.html: 10
[2016-06-24 10:16:26] EDIT BienAll623/views/default/masApps.html: 10
[2016-06-24 10:16:39] EDIT BienAll623/views/default/nosotros.html: 10
[2016-06-24 10:16:53] EDIT BienAll623/views/galleryController/index.html: 10
[2016-06-24 10:19:33] DELETE BienAll623/views/layout2.html: -169
[2016-06-26 18:27:51] EDIT Ana/views/default/index.html: 2
[2016-06-26 18:32:54] EDIT Ana/views/default/dejaTuHuella.html: 2
[2016-06-26 18:34:49] EDIT Ana/views/default/dejaTuHuella.html: 0
[2016-06-26 18:42:21] EDIT Ana/views/default/nosotros.html: 0
[2016-06-26 18:46:48] EDIT Ana/views/default/nosotros.html: 0
[2016-06-26 18:48:30] EDIT Ana/views/default/nosotros.html: 0
[2016-06-26 18:49:44] EDIT Ana/views/default/nosotros.html: 0
[2016-06-26 18:50:53] EDIT Ana/views/default/nosotros.html: 0
[2016-06-26 18:51:37] EDIT Ana/views/default/nosotros.html: 0
[2016-06-26 18:52:35] EDIT Ana/views/default/nosotros.html: 0
[2016-06-26 18:53:22] EDIT Ana/views/default/nosotros.html: 0
[2016-07-05 12:11:33] EDIT BienAllLogin/views/default/index.html: 0
[2016-07-05 12:14:20] EDIT BienAllLogin/static/css/bootstrap.css: 8
